1654543432498:help
1654867735496:eee
1654867740735:stacktrace
1654872259236:add
1654872264282:add 4 5
1654872482124:commands
1654872483716:help
1654872487362:image-stats
1654872560288:help
1654872562894:image-stats
1654872955423:commands
1654872957794:help
1654874897990:delete-image-by-id
1654874903965:delete-image-by-id 0
1654874912849:delele-image-by-id 1
1654874933755:delete-image-by-id 1
1654875351437:stacktrace
1654875491270:help
1654875493655:image-stats
1654875511711:delete-image-by-id 1
1654875520383:delete-image-by-id 2
1654877736430:help
1654877739135:create-image
1654877801118:help
1654877895199:delete-image 1002
1654877900597:delete-image-content 1001
1654877991506:help
1654877994356:image-stats
1654878097679:delete-image 1
1654878107245:delete-image-content 1001
1654878127807:stacktrace
1654878213438:help
1654878216525:delete-image-content
1654878221518:delete-image-content 1
1654878306551:delete-image-content 14
1654878399269:help
1654878405875:delete-image-content 14
1654878505365:delete-image-content 10
1654878511967:delete-image-content 1001
1654878615170:delete-image-content 10
1654878650216:delete-image-content 14
1654878794718:image-stats
1654878825804:help
1654878833675:delete-image 1004
1654878844974:delete-image-content 1003
1654879016262:image-stats
1654879031469:image-delete-content 1003
1654879039517:delete-image-content 1003
1654879063784:delete-image-content 1001
1654879836905:help
1654879838534:create-image
1654879846521:create-imge
1654879848939:create-image
1654879878350:image-stats
1655134538443:help
1655134541435:image-stats
1655134555405:delete-image 1
1655134574579:delete-image-content 1
1655134574602:asdf
1655134601509:delete-image-content 1
1655134604046:stacktrace
1655134631439:delete-image-content 2
1655134650990:delete-image-content 3
1655134662170:delete-image-content 5
1655134667958:help
1655134671833:create-image
1655134730974:delete-image 1
1655134735929:delete-image 2
1655134741451:delete-image 1002
1655134798746:stacktrace
1655134844641:delete-image 42
1655134849743:stacktrace
1655134858037:delete-image-content 1
1655134947294:image-stats
1655134950103:create-image
1655134955391:delete-image 1
1655134959535:delete-image-content 1
1655135177565:delete-image 1
1655135253325:delete-image 2
1655135256231:delete-image 3
1655135259944:create-image
1655135269799:delete-image-content 2
1655135274133:delete-image-content 3
1655135279079:delete-image-content 4
1655135365153:delete-image-content 1
1655135392153:stacktrace
1655135568552:delete-image-content 1
1655136714915:image-stats
1655136718620:image-delete-content 1
1655136724129:delete-image-content 1
1655137081835:image-stats
1655137087200:image-delete-content 1
1655137092206:delete-image-content 1
1655137097224:delete-image-content 3
1655137103278:delete-image-content 1001
1655137423867:help
1655137430236:check-if-has-content 1001
1655137443559:check-if-has-content 4
1655137453052:check-if-has-content 1
1655137515316:image-stats
1655137517546:help
1655137524248:check-if-has-content 43143
1655137537543:check-if-has-content 1004
1655137544080:check-if-has-content 4
1655137903635:help
1655137906406:create-images
1655137909481:create-images 100
